{
  "RSpec": {
    "coverage": {
      "/home/alex/Desktop/ibank_project/API/app/models/user.rb": [
        1,
        null,
        null,
        1,
        null,
        null,
        null,
        1,
        null,
        null,
        1,
        1,
        null
      ],
      "/home/alex/Desktop/ibank_project/API/app/models/application_record.rb": [
        1,
        1,
        null
      ],
      "/home/alex/Desktop/ibank_project/API/app/helpers/accounts_helper.rb": [
        1,
        null
      ],
      "/home/alex/Desktop/ibank_project/API/app/helpers/application_helper.rb": [
        1,
        null
      ],
      "/home/alex/Desktop/ibank_project/API/app/helpers/panel_helper.rb": [
        1,
        null
      ],
      "/home/alex/Desktop/ibank_project/API/app/helpers/transactions_helper.rb": [
        1,
        null
      ],
      "/home/alex/Desktop/ibank_project/API/app/controllers/accounts_controller.rb": [
        1,
        1,
        null,
        1,
        null,
        0,
        0,
        0,
        null,
        null,
        null,
        1,
        0,
        null,
        null,
        1,
        0,
        0,
        0,
        null,
        null,
        null,
        null,
        0,
        0,
        0,
        0,
        null,
        0,
        0,
        null,
        null,
        null,
        null,
        1,
        null,
        1,
        0,
        null,
        null,
        null,
        null,
        0,
        null,
        null,
        1,
        null,
        1,
        0,
        0,
        null,
        null,
        null,
        null,
        null,
        null
      ],
      "/home/alex/Desktop/ibank_project/API/app/controllers/application_controller.rb": [
        1,
        1,
        1,
        null
      ],
      "/home/alex/Desktop/ibank_project/API/app/controllers/panel_controller.rb": [
        1,
        1,
        null,
        1,
        null,
        1,
        null
      ],
      "/home/alex/Desktop/ibank_project/API/app/controllers/transactions_controller.rb": [
        1,
        1,
        null,
        null,
        null,
        1,
        0,
        null,
        null,
        null,
        null,
        1,
        null,
        null,
        1,
        0,
        null,
        null,
        null,
        1,
        null,
        null,
        null,
        1,
        0,
        null,
        0,
        0,
        0,
        0,
        null,
        0,
        0,
        null,
        null,
        null,
        null,
        null,
        null,
        1,
        0,
        0,
        0,
        0,
        null,
        0,
        0,
        null,
        null,
        null,
        null,
        null,
        null,
        1,
        0,
        0,
        0,
        0,
        null,
        null,
        null,
        1,
        null,
        null,
        1,
        0,
        null,
        null,
        null,
        1,
        0,
        null,
        null
      ],
      "/home/alex/Desktop/ibank_project/API/app/models/account.rb": [
        1,
        1,
        1,
        null
      ],
      "/home/alex/Desktop/ibank_project/API/app/models/role.rb": [
        1,
        1,
        1,
        null
      ],
      "/home/alex/Desktop/ibank_project/API/app/models/transaction.rb": [
        1,
        1,
        1,
        1,
        1,
        null
      ],
      "/home/alex/Desktop/ibank_project/API/app/jobs/application_job.rb": [
        0,
        0
      ],
      "/home/alex/Desktop/ibank_project/API/app/channels/application_cable/channel.rb": [
        0,
        0,
        0,
        0
      ],
      "/home/alex/Desktop/ibank_project/API/app/channels/application_cable/connection.rb": [
        0,
        0,
        0,
        0
      ],
      "/home/alex/Desktop/ibank_project/API/app/mailers/application_mailer.rb": [
        0,
        0,
        0,
        0
      ]
    },
    "timestamp": 1500986151
  }
}
